<?xml version="1.0" encoding="UTF-8"?>
<testng-results skipped="0" failed="0" ignored="0" total="2" passed="2">
  <reporter-output>
  </reporter-output>
  <suite name="Default suite" duration-ms="38408" started-at="2020-02-04T10:56:13 BRT" finished-at="2020-02-04T10:56:51 BRT">
    <groups>
    </groups>
    <test name="Default test" duration-ms="38408" started-at="2020-02-04T10:56:13 BRT" finished-at="2020-02-04T10:56:51 BRT">
      <class name="br.com.rsinet.hub_tdd.Testes.BuscaPelaLupa">
        <test-method status="PASS" signature="reportSetup()[pri:0, instance:br.com.rsinet.hub_tdd.Testes.BuscaPelaLupa@37374a5e]" name="reportSetup" is-config="true" duration-ms="87" started-at="2020-02-04T10:56:13 BRT" finished-at="2020-02-04T10:56:13 BRT">
          <reporter-output>
          </reporter-output>
        </test-method> <!-- reportSetup -->
        <test-method status="PASS" signature="Inicializa()[pri:0, instance:br.com.rsinet.hub_tdd.Testes.BuscaPelaLupa@37374a5e]" name="Inicializa" is-config="true" duration-ms="9666" started-at="2020-02-04T10:56:13 BRT" finished-at="2020-02-04T10:56:22 BRT">
          <reporter-output>
          </reporter-output>
        </test-method> <!-- Inicializa -->
        <test-method status="PASS" signature="Executa()[pri:0, instance:br.com.rsinet.hub_tdd.Testes.BuscaPelaLupa@37374a5e]" name="Executa" duration-ms="8082" started-at="2020-02-04T10:56:22 BRT" finished-at="2020-02-04T10:56:30 BRT">
          <reporter-output>
          </reporter-output>
        </test-method> <!-- Executa -->
        <test-method status="PASS" signature="Inicializa()[pri:0, instance:br.com.rsinet.hub_tdd.Testes.BuscaPelaLupa@37374a5e]" name="Inicializa" is-config="true" duration-ms="11183" started-at="2020-02-04T10:56:31 BRT" finished-at="2020-02-04T10:56:42 BRT">
          <reporter-output>
          </reporter-output>
        </test-method> <!-- Inicializa -->
        <test-method status="PASS" signature="ExecutaFalha()[pri:0, instance:br.com.rsinet.hub_tdd.Testes.BuscaPelaLupa@37374a5e]" name="ExecutaFalha" duration-ms="9451" started-at="2020-02-04T10:56:42 BRT" finished-at="2020-02-04T10:56:51 BRT">
          <reporter-output>
          </reporter-output>
        </test-method> <!-- ExecutaFalha -->
        <test-method status="PASS" signature="reportTeardown()[pri:0, instance:br.com.rsinet.hub_tdd.Testes.BuscaPelaLupa@37374a5e]" name="reportTeardown" is-config="true" duration-ms="246" started-at="2020-02-04T10:56:51 BRT" finished-at="2020-02-04T10:56:51 BRT">
          <reporter-output>
          </reporter-output>
        </test-method> <!-- reportTeardown -->
      </class> <!-- br.com.rsinet.hub_tdd.Testes.BuscaPelaLupa -->
    </test> <!-- Default test -->
  </suite> <!-- Default suite -->
</testng-results>
